<?xml version="1.0" encoding="UTF-8"?>
<!-- Generated by org.testng.reporters.JUnitReportReporter -->
<testsuite skipped="0" hostname="Yogiiiii" name="com.test.fbloginTest" tests="2" failures="0" timestamp="29 Aug 2018 05:36:42 GMT" time="105.272" errors="0">
  <testcase name="validatelogin" time="49.143" classname="com.test.fbloginTest"/>
  <testcase name="validatelogo" time="56.129" classname="com.test.fbloginTest"/>
</testsuite> <!-- com.test.fbloginTest -->
