<?xml version="1.0" encoding="UTF-8"?>
<!-- Generated by org.testng.reporters.JUnitReportReporter -->
<testsuite skipped="0" hostname="Yogiiiii" name="com.test.fbloginTest" tests="2" failures="0" timestamp="29 Aug 2018 10:42:25 GMT" time="84.366" errors="0">
  <testcase name="validatelogin" time="65.987" classname="com.test.fbloginTest"/>
  <testcase name="validatelogo" time="18.379" classname="com.test.fbloginTest"/>
</testsuite> <!-- com.test.fbloginTest -->
