<?xml version="1.0" encoding="UTF-8"?>
<!-- Generated by org.testng.reporters.JUnitReportReporter -->
<testsuite skipped="0" hostname="Yogiiiii" name="com.test.fbloginTest" tests="2" failures="0" timestamp="24 Aug 2018 08:13:59 GMT" time="68.300" errors="0">
  <testcase name="validatelogin" time="48.983" classname="com.test.fbloginTest"/>
  <testcase name="validatelogo" time="19.317" classname="com.test.fbloginTest"/>
</testsuite> <!-- com.test.fbloginTest -->
